<?xml version="1.0" encoding="UTF-8"?>
<testsuite xmlns:xsi="http://www.w3.org/2001/XMLSchema-instance" xsi:noNamespaceSchemaLocation="https://maven.apache.org/surefire/maven-surefire-plugin/xsd/surefire-test-report-3.0.xsd" version="3.0" name="com.example.inventory.service.InventoryServiceImplTest" time="1.569" tests="12" errors="1" skipped="0" failures="0">
  <properties>
[...]
</properties>
  <testcase name="testGetShelf" classname="com.example.inventory.service.InventoryServiceImplTest" time="1.345">
    <system-out><![CDATA[17:30:57.083 [main] INFO com.example.inventory.service.InventoryServiceImpl -- Fetching all shelves from database
17:30:57.090 [main] INFO com.example.inventory.service.InventoryServiceImpl -- Total shelves fetched: 1
]]></system-out>
    <system-err><![CDATA[WARNING: A Java agent has been loaded dynamically (C:\Users\My HP\.m2\repository\net\bytebuddy\byte-buddy-agent\1.14.19\byte-buddy-agent-1.14.19.jar)
WARNING: If a serviceability tool is in use, please run with -XX:+EnableDynamicAgentLoading to hide this warning
WARNING: If a serviceability tool is not in use, please run with -Djdk.instrument.traceUsage for more information
WARNING: Dynamic loading of agents will be disallowed by default in a future release
]]></system-err>
  </testcase>
  <testcase name="testGetShelfPosition" classname="com.example.inventory.service.InventoryServiceImplTest" time="0.008">
    <system-out><![CDATA[17:30:57.123 [main] INFO com.example.inventory.service.InventoryServiceImpl -- Fetching all shelf positions from database
17:30:57.124 [main] INFO com.example.inventory.service.InventoryServiceImpl -- Total shelf positions fetched: 1
]]></system-out>
  </testcase>
  <testcase name="testAddShelfPositionToDevice_Success" classname="com.example.inventory.service.InventoryServiceImplTest" time="0.025">
    <system-out><![CDATA[17:30:57.141 [main] INFO com.example.inventory.service.InventoryServiceImpl -- Adding shelf position ID 1 to device ID 1
17:30:57.146 [main] INFO com.example.inventory.service.InventoryServiceImpl -- Before adding shelf position: []
17:30:57.147 [main] INFO com.example.inventory.service.InventoryServiceImpl -- Shelf position added successfully to device: Device(id=1, name=Device 1, deviceType=Router, shelfPos=[ShelfPositionVO(id=1, name=A1, deviceId=1, shelf=ShelfVO(id=1, name=Sample Shelf, shelfType=Storage, ShelfPositionId=1))])
]]></system-out>
  </testcase>
  <testcase name="testAddShelfPositionToDevice_DeviceNotFound" classname="com.example.inventory.service.InventoryServiceImplTest" time="0.01">
    <system-out><![CDATA[17:30:57.163 [main] INFO com.example.inventory.service.InventoryServiceImpl -- Adding shelf position ID 1 to device ID 1
17:30:57.164 [main] ERROR com.example.inventory.service.InventoryServiceImpl -- Device with ID 1 not found
]]></system-out>
  </testcase>
  <testcase name="testGetShelfById_Success" classname="com.example.inventory.service.InventoryServiceImplTest" time="0.015">
    <system-out><![CDATA[17:30:57.179 [main] INFO com.example.inventory.service.InventoryServiceImpl -- Fetching shelf with ID: 1
17:30:57.179 [main] INFO com.example.inventory.service.InventoryServiceImpl -- Shelf found: ShelfVO(id=1, name=Sample Shelf, shelfType=Storage, ShelfPositionId=1)
]]></system-out>
  </testcase>
  <testcase name="testAddShelfToShelfPosition_AlreadyAssigned" classname="com.example.inventory.service.InventoryServiceImplTest" time="0.021">
    <system-out><![CDATA[17:30:57.205 [main] INFO com.example.inventory.service.InventoryServiceImpl -- Adding shelf ID 1 to shelf position ID 1
17:30:57.207 [main] WARN com.example.inventory.service.InventoryServiceImpl -- ShelfPosition with ID 1 is already assigned to another shelf
]]></system-out>
  </testcase>
  <testcase name="testSaveShelf" classname="com.example.inventory.service.InventoryServiceImplTest" time="0.008">
    <system-out><![CDATA[17:30:57.217 [main] INFO com.example.inventory.service.InventoryServiceImpl -- Saving new shelf: ShelfVO(id=1, name=Sample Shelf, shelfType=Storage, ShelfPositionId=1)
17:30:57.218 [main] INFO com.example.inventory.service.InventoryServiceImpl -- Shelf saved successfully with ID: 1
]]></system-out>
  </testcase>
  <testcase name="testSaveShelfPosition" classname="com.example.inventory.service.InventoryServiceImplTest" time="0.024">
    <system-out><![CDATA[17:30:57.224 [main] INFO com.example.inventory.service.InventoryServiceImpl -- Saving new shelf position: ShelfPositionVO(id=1, name=A1, deviceId=1, shelf=ShelfVO(id=1, name=Sample Shelf, shelfType=Storage, ShelfPositionId=1))
17:30:57.225 [main] INFO com.example.inventory.service.InventoryServiceImpl -- Shelf position saved successfully with ID: 1
]]></system-out>
  </testcase>
  <testcase name="testGetShelfPositionById_Success" classname="com.example.inventory.service.InventoryServiceImplTest" time="0.004">
    <system-out><![CDATA[17:30:57.249 [main] INFO com.example.inventory.service.InventoryServiceImpl -- Fetching shelf position with ID: 1
17:30:57.249 [main] INFO com.example.inventory.service.InventoryServiceImpl -- Shelf position found: ShelfPositionVO(id=1, name=A1, deviceId=1, shelf=ShelfVO(id=1, name=Sample Shelf, shelfType=Storage, ShelfPositionId=1))
]]></system-out>
  </testcase>
  <testcase name="testGetShelfPositionById_NotFound" classname="com.example.inventory.service.InventoryServiceImplTest" time="0.011">
    <system-out><![CDATA[17:30:57.259 [main] INFO com.example.inventory.service.InventoryServiceImpl -- Fetching shelf position with ID: 1
17:30:57.262 [main] WARN com.example.inventory.service.InventoryServiceImpl -- Shelf position with ID 1 not found
]]></system-out>
  </testcase>
  <testcase name="testAddShelfToShelfPosition_Success" classname="com.example.inventory.service.InventoryServiceImplTest" time="0.014">
    <error message="ShelfPosition with ID 1 is already assigned to another Shelf" type="java.lang.IllegalStateException"><![CDATA[java.lang.IllegalStateException: ShelfPosition with ID 1 is already assigned to another Shelf
	at com.example.inventory.service.InventoryServiceImpl.addShelfToShelfPosition(InventoryServiceImpl.java:123)
	at com.example.inventory.service.InventoryServiceImplTest.testAddShelfToShelfPosition_Success(InventoryServiceImplTests.java:174)
	at java.base/java.lang.reflect.Method.invoke(Method.java:580)
	at java.base/java.util.ArrayList.forEach(ArrayList.java:1597)
	at java.base/java.util.ArrayList.forEach(ArrayList.java:1597)
]]></error>
    <system-out><![CDATA[17:30:57.272 [main] INFO com.example.inventory.service.InventoryServiceImpl -- Adding shelf ID 1 to shelf position ID 1
17:30:57.272 [main] WARN com.example.inventory.service.InventoryServiceImpl -- ShelfPosition with ID 1 is already assigned to another shelf
]]></system-out>
  </testcase>
  <testcase name="testGetShelfById_NotFound" classname="com.example.inventory.service.InventoryServiceImplTest" time="0.01">
    <system-out><![CDATA[17:30:57.291 [main] INFO com.example.inventory.service.InventoryServiceImpl -- Fetching shelf with ID: 1
17:30:57.292 [main] WARN com.example.inventory.service.InventoryServiceImpl -- Shelf with ID 1 not found
]]></system-out>
  </testcase>
</testsuite>